<?xml version="1.0" encoding="utf-8"?><testsuites><testsuite name="pytest" errors="0" failures="0" skipped="1" tests="11" time="9.852" timestamp="2026-07-22T02:46:20.110173" hostname="2_xterm"><testcase classname="my_testingpkg.test.test_autocar_node" name="test_sensor_speed[1.0-1.0]" time="2.965" /><testcase classname="my_testingpkg.test.test_autocar_node" name="test_sensor_speed[-0.5--0.5]" time="0.021" /><testcase classname="my_testingpkg.test.test_autocar_node" name="test_sensor_speed[0.0-0.0]" time="0.019" /><testcase classname="my_testingpkg.test.test_car_node" name="test_car_speed" time="0.009" /><testcase classname="my_testingpkg.test.test_copyright" name="test_copyright" time="0.000"><skipped type="pytest.skip" message="No copyright header has been placed in the generated source file.">/home/user/ros2_ws/src/my_testingpkg/test/test_copyright.py:20: No copyright header has been placed in the generated source file.</skipped></testcase><testcase classname="my_testingpkg.test.test_mock_bat" name="test_sensor_collision_warnin" time="0.001" /><testcase classname="my_testingpkg.test.test_nav_status" name="test_battery_level" time="0.001" /><testcase classname="my_testingpkg.test.test_nav_status" name="test_emergency_stop" time="0.001" /><testcase classname="my_testingpkg.test.test_status" name="test_stop_triggers_on_low_voltage" time="0.001" /><testcase classname="my_testingpkg.test.test_status" name="test_stucked_wheels" time="0.000" /><testcase classname="my_testingpkg.test.test_status" name="test_normal_driving_no_slip" time="0.000" /></testsuite></testsuites>